<?xml version="1.0" encoding="UTF-8"?>
<testsuite xmlns:xsi="http://www.w3.org/2001/XMLSchema-instance" xsi:noNamespaceSchemaLocation="https://maven.apache.org/surefire/maven-surefire-plugin/xsd/surefire-test-report-3.0.xsd" version="3.0" name="com.suppliers.Northwind.Suppliers.NorthwindSuppliersApplicationTests" time="2.838" tests="1" errors="0" skipped="0" failures="0">
  <properties>
[...]
</properties>
  <testcase name="contextLoads" classname="com.suppliers.Northwind.Suppliers.NorthwindSuppliersApplicationTests" time="0.347">
    <system-out><![CDATA[18:44:54.751 [main] INFO org.springframework.test.context.support.AnnotationConfigContextLoaderUtils -- Could not detect default configuration classes for test class [com.suppliers.Northwind.Suppliers.NorthwindSuppliersApplicationTests]: NorthwindSuppliersApplicationTests does not declare any static, non-private, non-final, nested classes annotated with @Configuration.
18:44:54.813 [main] INFO org.springframework.boot.test.context.SpringBootTestContextBootstrapper -- Found @SpringBootConfiguration com.suppliers.Northwind.Suppliers.NorthwindSuppliersApplication for test class com.suppliers.Northwind.Suppliers.NorthwindSuppliersApplicationTests
18:44:54.903 [main] INFO org.springframework.boot.devtools.restart.RestartApplicationListener -- Restart disabled due to context in which it is running

  .   ____          _            __ _ _
 /\\ / ___'_ __ _ _(_)_ __  __ _ \ \ \ \
( ( )\___ | '_ | '_| | '_ \/ _` | \ \ \ \
 \\/  ___)| |_)| | | | | || (_| |  ) ) ) )
  '  |____| .__|_| |_|_| |_\__, | / / / /
 =========|_|==============|___/=/_/_/_/

 :: Spring Boot ::                (v3.3.4)

2024-10-11T18:44:55.035+05:30  INFO 47797 --- [Northwind-Suppliers] [           main] s.N.S.NorthwindSuppliersApplicationTests : Starting NorthwindSuppliersApplicationTests using Java 19.0.1 with PID 47797 (started by himanshurathore in /Users/himanshurathore/Downloads/Northwind-Suppliers)
2024-10-11T18:44:55.036+05:30  INFO 47797 --- [Northwind-Suppliers] [           main] s.N.S.NorthwindSuppliersApplicationTests : No active profile set, falling back to 1 default profile: "default"
2024-10-11T18:44:55.395+05:30  INFO 47797 --- [Northwind-Suppliers] [           main] .s.d.r.c.RepositoryConfigurationDelegate : Bootstrapping Spring Data JPA repositories in DEFAULT mode.
2024-10-11T18:44:55.424+05:30  INFO 47797 --- [Northwind-Suppliers] [           main] .s.d.r.c.RepositoryConfigurationDelegate : Finished Spring Data repository scanning in 24 ms. Found 1 JPA repository interface.
2024-10-11T18:44:55.681+05:30  INFO 47797 --- [Northwind-Suppliers] [           main] o.hibernate.jpa.internal.util.LogHelper  : HHH000204: Processing PersistenceUnitInfo [name: default]
2024-10-11T18:44:55.717+05:30  INFO 47797 --- [Northwind-Suppliers] [           main] org.hibernate.Version                    : HHH000412: Hibernate ORM core version 6.5.3.Final
2024-10-11T18:44:55.737+05:30  INFO 47797 --- [Northwind-Suppliers] [           main] o.h.c.internal.RegionFactoryInitiator    : HHH000026: Second-level cache disabled
2024-10-11T18:44:55.912+05:30  INFO 47797 --- [Northwind-Suppliers] [           main] o.s.o.j.p.SpringPersistenceUnitInfo      : No LoadTimeWeaver setup: ignoring JPA class transformer
2024-10-11T18:44:55.935+05:30  INFO 47797 --- [Northwind-Suppliers] [           main] com.zaxxer.hikari.HikariDataSource       : HikariPool-1 - Starting...
2024-10-11T18:44:56.137+05:30  INFO 47797 --- [Northwind-Suppliers] [           main] com.zaxxer.hikari.pool.HikariPool        : HikariPool-1 - Added connection com.mysql.cj.jdbc.ConnectionImpl@2bf3ec4
2024-10-11T18:44:56.138+05:30  INFO 47797 --- [Northwind-Suppliers] [           main] com.zaxxer.hikari.HikariDataSource       : HikariPool-1 - Start completed.
2024-10-11T18:44:56.671+05:30  INFO 47797 --- [Northwind-Suppliers] [           main] o.h.e.t.j.p.i.JtaPlatformInitiator       : HHH000489: No JTA platform available (set 'hibernate.transaction.jta.platform' to enable JTA platform integration)
2024-10-11T18:44:56.703+05:30  INFO 47797 --- [Northwind-Suppliers] [           main] j.LocalContainerEntityManagerFactoryBean : Initialized JPA EntityManagerFactory for persistence unit 'default'
2024-10-11T18:44:56.911+05:30  WARN 47797 --- [Northwind-Suppliers] [           main] JpaBaseConfiguration$JpaWebConfiguration : spring.jpa.open-in-view is enabled by default. Therefore, database queries may be performed during view rendering. Explicitly configure spring.jpa.open-in-view to disable this warning
2024-10-11T18:44:57.122+05:30  INFO 47797 --- [Northwind-Suppliers] [           main] s.N.S.NorthwindSuppliersApplicationTests : Started NorthwindSuppliersApplicationTests in 2.229 seconds (process running for 2.77)
]]></system-out>
  </testcase>
</testsuite>